2026-06-14 22:01:51,240 - __main__ - INFO - Starting the data pipeline...
2026-06-14 22:01:51,240 - extract.extract - INFO - Starting data extraction...
2026-06-14 22:01:52,810 - extract.extract - INFO - Data extraction successful!
2026-06-14 22:01:52,811 - __main__ - INFO - Data extraction successful, proceeding with transformation and loading...
2026-06-14 22:01:52,961 - transform.transform - INFO - Starting data transformation...
2026-06-14 22:01:52,963 - transform.transform - INFO - Performing quality checks...
2026-06-14 22:01:52,965 - transform.transform - INFO - Data transformation completed successfully.
2026-06-14 22:01:52,965 - load.load_final - INFO - Starting to load data into the final table...
2026-06-14 22:01:52,969 - load.load_final - INFO - No new unique records to load into final table.
2026-06-15 14:57:50,177 - __main__ - INFO - Starting the data pipeline...
2026-06-15 14:57:50,177 - extract.extract - INFO - Starting data extraction...
2026-06-15 14:57:50,700 - extract.extract - INFO - Data extraction successful!
2026-06-15 14:57:50,700 - __main__ - INFO - Data extraction successful, proceeding with transformation and loading...
2026-06-15 14:57:50,870 - transform.transform - INFO - Starting data transformation...
2026-06-15 14:57:50,873 - transform.transform - INFO - Performing quality checks...
2026-06-15 14:57:50,875 - transform.transform - INFO - Data transformation completed successfully.
2026-06-15 14:57:50,875 - utilities.quality_checks - INFO - Started running quality checks on the DataFrame...
2026-06-15 14:57:50,876 - utilities.quality_checks - INFO - All quality checks passed successfully.
2026-06-15 14:57:50,876 - load.load_final - INFO - Starting to load data into the final table...
2026-06-15 14:57:50,880 - load.load_final - INFO - No new unique records to load into final table.
