2026-07-02 18:20:21,206 - src.main - INFO - Starting the data pipeline...
2026-07-02 18:20:21,206 - extract.extract - INFO - Starting data extraction...
2026-07-02 18:20:22,881 - extract.extract - INFO - Data extraction successful!
2026-07-02 18:20:22,883 - src.main - INFO - Data extraction successful, proceeding with transformation and loading...
2026-07-02 18:20:22,977 - transform.transform - INFO - Starting data transformation...
2026-07-02 18:20:22,979 - transform.transform - INFO - Performing quality checks...
2026-07-02 18:20:22,980 - transform.transform - INFO - Data transformation completed successfully.
2026-07-02 18:20:22,980 - utilities.quality_checks - INFO - Started running quality checks on the DataFrame...
2026-07-02 18:20:22,981 - utilities.quality_checks - INFO - All quality checks passed successfully.
2026-07-02 18:20:22,981 - load.load_final - INFO - Starting to load data into the final table...
2026-07-02 18:20:22,984 - load.load_final - INFO - No new unique records to load into final table.
2026-07-02 18:20:22,984 - src.main - INFO - Data pipeline completed successfully.
2026-07-02 18:21:43,489 - src.main - INFO - Starting the data pipeline...
2026-07-02 18:21:43,490 - extract.extract - INFO - Starting data extraction...
2026-07-02 18:21:45,083 - extract.extract - INFO - Data extraction successful!
2026-07-02 18:21:45,086 - src.main - INFO - Data extraction successful, proceeding with transformation and loading...
2026-07-02 18:21:45,124 - transform.transform - INFO - Starting data transformation...
2026-07-02 18:21:45,125 - transform.transform - INFO - Performing quality checks...
2026-07-02 18:21:45,126 - transform.transform - INFO - Data transformation completed successfully.
2026-07-02 18:21:45,126 - utilities.quality_checks - INFO - Started running quality checks on the DataFrame...
2026-07-02 18:21:45,127 - utilities.quality_checks - INFO - All quality checks passed successfully.
2026-07-02 18:21:45,127 - load.load_final - INFO - Starting to load data into the final table...
2026-07-02 18:21:45,133 - load.load_final - INFO - No new unique records to load into final table.
2026-07-02 18:21:45,133 - src.main - INFO - Data pipeline completed successfully.
2026-07-02 18:22:27,712 - src.main - INFO - Starting the data pipeline...
2026-07-02 18:22:27,713 - extract.extract - INFO - Starting data extraction...
2026-07-02 18:22:28,144 - extract.extract - INFO - Data extraction successful!
2026-07-02 18:22:28,147 - src.main - INFO - Data extraction successful, proceeding with transformation and loading...
2026-07-02 18:22:28,229 - transform.transform - INFO - Starting data transformation...
2026-07-02 18:22:28,230 - transform.transform - INFO - Performing quality checks...
2026-07-02 18:22:28,231 - transform.transform - INFO - Data transformation completed successfully.
2026-07-02 18:22:28,231 - utilities.quality_checks - INFO - Started running quality checks on the DataFrame...
2026-07-02 18:22:28,232 - utilities.quality_checks - INFO - All quality checks passed successfully.
2026-07-02 18:22:28,232 - load.load_final - INFO - Starting to load data into the final table...
2026-07-02 18:22:28,235 - load.load_final - INFO - No new unique records to load into final table.
2026-07-02 18:22:28,235 - src.main - INFO - Data pipeline completed successfully.
2026-07-02 18:24:14,274 - src.main - INFO - Starting the data pipeline...
2026-07-02 18:24:14,275 - extract.extract - INFO - Starting data extraction...
2026-07-02 18:24:15,848 - extract.extract - INFO - Data extraction successful!
2026-07-02 18:24:15,850 - src.main - INFO - Data extraction successful, proceeding with transformation and loading...
2026-07-02 18:24:16,027 - transform.transform - INFO - Starting data transformation...
2026-07-02 18:24:16,028 - transform.transform - INFO - Performing quality checks...
2026-07-02 18:24:16,029 - transform.transform - INFO - Data transformation completed successfully.
2026-07-02 18:24:16,030 - utilities.quality_checks - INFO - Started running quality checks on the DataFrame...
2026-07-02 18:24:16,030 - utilities.quality_checks - INFO - All quality checks passed successfully.
2026-07-02 18:24:16,030 - load.load_final - INFO - Starting to load data into the final table...
2026-07-02 18:24:16,033 - load.load_final - INFO - No new unique records to load into final table.
2026-07-02 18:24:16,033 - src.main - INFO - Data pipeline completed successfully.
